2022-02-03 09:10:27.622  INFO 29900 --- [restartedMain] c.c.a.CabbookingapplicationApplication   : Starting CabbookingapplicationApplication using Java 17.0.1 on LAPTOP-A9GL3C0H with PID 29900 (D:\My Car Repo\CabBookingApplication\cabbookingapplication\bin\main started by Rajitha in D:\My Car Repo\CabBookingApplication\cabbookingapplication)
2022-02-03 09:10:27.630 DEBUG 29900 --- [restartedMain] c.c.a.CabbookingapplicationApplication   : Running with Spring Boot v2.6.2, Spring v5.3.14
2022-02-03 09:10:27.631  INFO 29900 --- [restartedMain] c.c.a.CabbookingapplicationApplication   : No active profile set, falling back to default profiles: default
2022-02-03 09:10:27.739  INFO 29900 --- [restartedMain] .e.DevToolsPropertyDefaultsPostProcessor : Devtools property defaults active! Set 'spring.devtools.add-properties' to 'false' to disable
2022-02-03 09:10:27.740  INFO 29900 --- [restartedMain] .e.DevToolsPropertyDefaultsPostProcessor : For additional web related logging consider setting the 'logging.level.web' property to 'DEBUG'
2022-02-03 09:10:28.995  INFO 29900 --- [restartedMain] .s.d.r.c.RepositoryConfigurationDelegate : Bootstrapping Spring Data JPA repositories in DEFAULT mode.
2022-02-03 09:10:29.081  INFO 29900 --- [restartedMain] .s.d.r.c.RepositoryConfigurationDelegate : Finished Spring Data repository scanning in 76 ms. Found 5 JPA repository interfaces.
2022-02-03 09:10:30.004  INFO 29900 --- [restartedMain] o.s.b.w.embedded.tomcat.TomcatWebServer  : Tomcat initialized with port(s): 8800 (http)
2022-02-03 09:10:30.025  INFO 29900 --- [restartedMain] o.apache.catalina.core.StandardService   : Starting service [Tomcat]
2022-02-03 09:10:30.026  INFO 29900 --- [restartedMain] org.apache.catalina.core.StandardEngine  : Starting Servlet engine: [Apache Tomcat/9.0.56]
2022-02-03 09:10:30.659  INFO 29900 --- [restartedMain] o.a.c.c.C.[Tomcat].[localhost].[/]       : Initializing Spring embedded WebApplicationContext
2022-02-03 09:10:30.661  INFO 29900 --- [restartedMain] w.s.c.ServletWebServerApplicationContext : Root WebApplicationContext: initialization completed in 2920 ms
2022-02-03 09:10:31.238  INFO 29900 --- [restartedMain] o.hibernate.jpa.internal.util.LogHelper  : HHH000204: Processing PersistenceUnitInfo [name: default]
2022-02-03 09:10:31.347  INFO 29900 --- [restartedMain] org.hibernate.Version                    : HHH000412: Hibernate ORM core version 5.6.3.Final
2022-02-03 09:10:31.738  INFO 29900 --- [restartedMain] o.hibernate.annotations.common.Version   : HCANN000001: Hibernate Commons Annotations {5.1.2.Final}
2022-02-03 09:10:31.945  INFO 29900 --- [restartedMain] com.zaxxer.hikari.HikariDataSource       : HikariPool-1 - Starting...
2022-02-03 09:10:32.639  INFO 29900 --- [restartedMain] com.zaxxer.hikari.HikariDataSource       : HikariPool-1 - Start completed.
2022-02-03 09:10:32.684  INFO 29900 --- [restartedMain] org.hibernate.dialect.Dialect            : HHH000400: Using dialect: org.hibernate.dialect.PostgreSQL10Dialect
2022-02-03 09:10:33.862  INFO 29900 --- [restartedMain] o.h.e.t.j.p.i.JtaPlatformInitiator       : HHH000490: Using JtaPlatform implementation: [org.hibernate.engine.transaction.jta.platform.internal.NoJtaPlatform]
2022-02-03 09:10:33.870  INFO 29900 --- [restartedMain] j.LocalContainerEntityManagerFactoryBean : Initialized JPA EntityManagerFactory for persistence unit 'default'
2022-02-03 09:10:34.618  WARN 29900 --- [restartedMain] JpaBaseConfiguration$JpaWebConfiguration : spring.jpa.open-in-view is enabled by default. Therefore, database queries may be performed during view rendering. Explicitly configure spring.jpa.open-in-view to disable this warning
2022-02-03 09:10:35.329  INFO 29900 --- [restartedMain] o.s.b.d.a.OptionalLiveReloadServer       : LiveReload server is running on port 35729
2022-02-03 09:10:35.489  INFO 29900 --- [restartedMain] o.s.b.w.embedded.tomcat.TomcatWebServer  : Tomcat started on port(s): 8800 (http) with context path ''
2022-02-03 09:10:35.509  INFO 29900 --- [restartedMain] c.c.a.CabbookingapplicationApplication   : Started CabbookingapplicationApplication in 8.317 seconds (JVM running for 9.866)
2022-02-03 12:30:04.324  INFO 29900 --- [http-nio-8800-exec-1] o.a.c.c.C.[Tomcat].[localhost].[/]       : Initializing Spring DispatcherServlet 'dispatcherServlet'
2022-02-03 12:30:04.425  INFO 29900 --- [http-nio-8800-exec-1] o.s.web.servlet.DispatcherServlet        : Initializing Servlet 'dispatcherServlet'
2022-02-03 12:30:04.460  INFO 29900 --- [http-nio-8800-exec-1] o.s.web.servlet.DispatcherServlet        : Completed initialization in 35 ms
2022-02-03 14:51:34.762  INFO 29900 --- [Thread-5] j.LocalContainerEntityManagerFactoryBean : Closing JPA EntityManagerFactory for persistence unit 'default'
2022-02-03 14:51:34.828  INFO 29900 --- [Thread-5] com.zaxxer.hikari.HikariDataSource       : HikariPool-1 - Shutdown initiated...
2022-02-03 14:51:34.850  INFO 29900 --- [Thread-5] com.zaxxer.hikari.HikariDataSource       : HikariPool-1 - Shutdown completed.
2022-02-03 14:51:35.172  INFO 29900 --- [restartedMain] c.c.a.CabbookingapplicationApplication   : Starting CabbookingapplicationApplication using Java 17.0.1 on LAPTOP-A9GL3C0H with PID 29900 (D:\My Car Repo\CabBookingApplication\cabbookingapplication\bin\main started by Rajitha in D:\My Car Repo\CabBookingApplication\cabbookingapplication)
2022-02-03 14:51:35.172 DEBUG 29900 --- [restartedMain] c.c.a.CabbookingapplicationApplication   : Running with Spring Boot v2.6.2, Spring v5.3.14
2022-02-03 14:51:35.172  INFO 29900 --- [restartedMain] c.c.a.CabbookingapplicationApplication   : No active profile set, falling back to default profiles: default
2022-02-03 14:51:35.470  INFO 29900 --- [restartedMain] .s.d.r.c.RepositoryConfigurationDelegate : Bootstrapping Spring Data JPA repositories in DEFAULT mode.
2022-02-03 14:51:35.494  INFO 29900 --- [restartedMain] .s.d.r.c.RepositoryConfigurationDelegate : Finished Spring Data repository scanning in 24 ms. Found 5 JPA repository interfaces.
2022-02-03 14:51:35.692  INFO 29900 --- [restartedMain] o.s.b.w.embedded.tomcat.TomcatWebServer  : Tomcat initialized with port(s): 8800 (http)
2022-02-03 14:51:35.694  INFO 29900 --- [restartedMain] o.apache.catalina.core.StandardService   : Starting service [Tomcat]
2022-02-03 14:51:35.695  INFO 29900 --- [restartedMain] org.apache.catalina.core.StandardEngine  : Starting Servlet engine: [Apache Tomcat/9.0.56]
2022-02-03 14:51:35.729  INFO 29900 --- [restartedMain] o.a.c.c.C.[Tomcat].[localhost].[/]       : Initializing Spring embedded WebApplicationContext
2022-02-03 14:51:35.729  INFO 29900 --- [restartedMain] w.s.c.ServletWebServerApplicationContext : Root WebApplicationContext: initialization completed in 553 ms
2022-02-03 14:51:35.780  INFO 29900 --- [restartedMain] o.hibernate.jpa.internal.util.LogHelper  : HHH000204: Processing PersistenceUnitInfo [name: default]
2022-02-03 14:51:35.786  INFO 29900 --- [restartedMain] com.zaxxer.hikari.HikariDataSource       : HikariPool-2 - Starting...
2022-02-03 14:51:35.851  INFO 29900 --- [restartedMain] com.zaxxer.hikari.HikariDataSource       : HikariPool-2 - Start completed.
2022-02-03 14:51:35.851  INFO 29900 --- [restartedMain] org.hibernate.dialect.Dialect            : HHH000400: Using dialect: org.hibernate.dialect.PostgreSQL10Dialect
2022-02-03 14:51:36.081  INFO 29900 --- [restartedMain] o.h.e.t.j.p.i.JtaPlatformInitiator       : HHH000490: Using JtaPlatform implementation: [org.hibernate.engine.transaction.jta.platform.internal.NoJtaPlatform]
2022-02-03 14:51:36.081  INFO 29900 --- [restartedMain] j.LocalContainerEntityManagerFactoryBean : Initialized JPA EntityManagerFactory for persistence unit 'default'
2022-02-03 14:51:36.331  WARN 29900 --- [restartedMain] JpaBaseConfiguration$JpaWebConfiguration : spring.jpa.open-in-view is enabled by default. Therefore, database queries may be performed during view rendering. Explicitly configure spring.jpa.open-in-view to disable this warning
2022-02-03 14:51:36.524  INFO 29900 --- [restartedMain] o.s.b.d.a.OptionalLiveReloadServer       : LiveReload server is running on port 35729
2022-02-03 14:51:36.559  INFO 29900 --- [restartedMain] o.s.b.w.embedded.tomcat.TomcatWebServer  : Tomcat started on port(s): 8800 (http) with context path ''
2022-02-03 14:51:36.577  INFO 29900 --- [restartedMain] c.c.a.CabbookingapplicationApplication   : Started CabbookingapplicationApplication in 1.45 seconds (JVM running for 20470.934)
2022-02-03 14:51:36.581  INFO 29900 --- [restartedMain] .ConditionEvaluationDeltaLoggingListener : Condition evaluation unchanged
2022-02-03 14:52:20.311  INFO 29900 --- [Thread-7] j.LocalContainerEntityManagerFactoryBean : Closing JPA EntityManagerFactory for persistence unit 'default'
2022-02-03 14:52:20.312  INFO 29900 --- [Thread-7] com.zaxxer.hikari.HikariDataSource       : HikariPool-2 - Shutdown initiated...
2022-02-03 14:52:20.318  INFO 29900 --- [Thread-7] com.zaxxer.hikari.HikariDataSource       : HikariPool-2 - Shutdown completed.
2022-02-03 14:52:20.406  INFO 29900 --- [restartedMain] c.c.a.CabbookingapplicationApplication   : Starting CabbookingapplicationApplication using Java 17.0.1 on LAPTOP-A9GL3C0H with PID 29900 (D:\My Car Repo\CabBookingApplication\cabbookingapplication\bin\main started by Rajitha in D:\My Car Repo\CabBookingApplication\cabbookingapplication)
2022-02-03 14:52:20.406 DEBUG 29900 --- [restartedMain] c.c.a.CabbookingapplicationApplication   : Running with Spring Boot v2.6.2, Spring v5.3.14
2022-02-03 14:52:20.406  INFO 29900 --- [restartedMain] c.c.a.CabbookingapplicationApplication   : No active profile set, falling back to default profiles: default
2022-02-03 14:52:20.558  INFO 29900 --- [restartedMain] .s.d.r.c.RepositoryConfigurationDelegate : Bootstrapping Spring Data JPA repositories in DEFAULT mode.
2022-02-03 14:52:20.590  INFO 29900 --- [restartedMain] .s.d.r.c.RepositoryConfigurationDelegate : Finished Spring Data repository scanning in 31 ms. Found 5 JPA repository interfaces.
2022-02-03 14:52:20.735  INFO 29900 --- [restartedMain] o.s.b.w.embedded.tomcat.TomcatWebServer  : Tomcat initialized with port(s): 8800 (http)
2022-02-03 14:52:20.737  INFO 29900 --- [restartedMain] o.apache.catalina.core.StandardService   : Starting service [Tomcat]
2022-02-03 14:52:20.737  INFO 29900 --- [restartedMain] org.apache.catalina.core.StandardEngine  : Starting Servlet engine: [Apache Tomcat/9.0.56]
2022-02-03 14:52:20.762  INFO 29900 --- [restartedMain] o.a.c.c.C.[Tomcat].[localhost].[/]       : Initializing Spring embedded WebApplicationContext
2022-02-03 14:52:20.763  INFO 29900 --- [restartedMain] w.s.c.ServletWebServerApplicationContext : Root WebApplicationContext: initialization completed in 355 ms
2022-02-03 14:52:20.798  INFO 29900 --- [restartedMain] o.hibernate.jpa.internal.util.LogHelper  : HHH000204: Processing PersistenceUnitInfo [name: default]
2022-02-03 14:52:20.803  INFO 29900 --- [restartedMain] com.zaxxer.hikari.HikariDataSource       : HikariPool-3 - Starting...
2022-02-03 14:52:20.883  INFO 29900 --- [restartedMain] com.zaxxer.hikari.HikariDataSource       : HikariPool-3 - Start completed.
2022-02-03 14:52:20.883  INFO 29900 --- [restartedMain] org.hibernate.dialect.Dialect            : HHH000400: Using dialect: org.hibernate.dialect.PostgreSQL10Dialect
2022-02-03 14:52:21.053  INFO 29900 --- [restartedMain] o.h.e.t.j.p.i.JtaPlatformInitiator       : HHH000490: Using JtaPlatform implementation: [org.hibernate.engine.transaction.jta.platform.internal.NoJtaPlatform]
2022-02-03 14:52:21.053  INFO 29900 --- [restartedMain] j.LocalContainerEntityManagerFactoryBean : Initialized JPA EntityManagerFactory for persistence unit 'default'
2022-02-03 14:52:21.363  WARN 29900 --- [restartedMain] JpaBaseConfiguration$JpaWebConfiguration : spring.jpa.open-in-view is enabled by default. Therefore, database queries may be performed during view rendering. Explicitly configure spring.jpa.open-in-view to disable this warning
2022-02-03 14:52:21.523  INFO 29900 --- [restartedMain] o.s.b.d.a.OptionalLiveReloadServer       : LiveReload server is running on port 35729
2022-02-03 14:52:21.550  INFO 29900 --- [restartedMain] o.s.b.w.embedded.tomcat.TomcatWebServer  : Tomcat started on port(s): 8800 (http) with context path ''
2022-02-03 14:52:21.560  INFO 29900 --- [restartedMain] c.c.a.CabbookingapplicationApplication   : Started CabbookingapplicationApplication in 1.178 seconds (JVM running for 20515.917)
2022-02-03 14:52:21.564  INFO 29900 --- [restartedMain] .ConditionEvaluationDeltaLoggingListener : Condition evaluation unchanged
2022-02-03 14:55:59.023  INFO 29900 --- [Thread-11] j.LocalContainerEntityManagerFactoryBean : Closing JPA EntityManagerFactory for persistence unit 'default'
2022-02-03 14:55:59.023  INFO 29900 --- [Thread-11] com.zaxxer.hikari.HikariDataSource       : HikariPool-3 - Shutdown initiated...
2022-02-03 14:55:59.030  INFO 29900 --- [Thread-11] com.zaxxer.hikari.HikariDataSource       : HikariPool-3 - Shutdown completed.
2022-02-03 14:55:59.150  INFO 29900 --- [restartedMain] c.c.a.CabbookingapplicationApplication   : Starting CabbookingapplicationApplication using Java 17.0.1 on LAPTOP-A9GL3C0H with PID 29900 (D:\My Car Repo\CabBookingApplication\cabbookingapplication\bin\main started by Rajitha in D:\My Car Repo\CabBookingApplication\cabbookingapplication)
2022-02-03 14:55:59.152 DEBUG 29900 --- [restartedMain] c.c.a.CabbookingapplicationApplication   : Running with Spring Boot v2.6.2, Spring v5.3.14
2022-02-03 14:55:59.152  INFO 29900 --- [restartedMain] c.c.a.CabbookingapplicationApplication   : No active profile set, falling back to default profiles: default
2022-02-03 14:55:59.569  INFO 29900 --- [restartedMain] .s.d.r.c.RepositoryConfigurationDelegate : Bootstrapping Spring Data JPA repositories in DEFAULT mode.
2022-02-03 14:55:59.598  INFO 29900 --- [restartedMain] .s.d.r.c.RepositoryConfigurationDelegate : Finished Spring Data repository scanning in 28 ms. Found 5 JPA repository interfaces.
2022-02-03 14:55:59.796  INFO 29900 --- [restartedMain] o.s.b.w.embedded.tomcat.TomcatWebServer  : Tomcat initialized with port(s): 8800 (http)
2022-02-03 14:55:59.798  INFO 29900 --- [restartedMain] o.apache.catalina.core.StandardService   : Starting service [Tomcat]
2022-02-03 14:55:59.798  INFO 29900 --- [restartedMain] org.apache.catalina.core.StandardEngine  : Starting Servlet engine: [Apache Tomcat/9.0.56]
2022-02-03 14:55:59.841  INFO 29900 --- [restartedMain] o.a.c.c.C.[Tomcat].[localhost].[/]       : Initializing Spring embedded WebApplicationContext
2022-02-03 14:55:59.841  INFO 29900 --- [restartedMain] w.s.c.ServletWebServerApplicationContext : Root WebApplicationContext: initialization completed in 686 ms
2022-02-03 14:55:59.898  INFO 29900 --- [restartedMain] o.hibernate.jpa.internal.util.LogHelper  : HHH000204: Processing PersistenceUnitInfo [name: default]
2022-02-03 14:55:59.904  INFO 29900 --- [restartedMain] com.zaxxer.hikari.HikariDataSource       : HikariPool-4 - Starting...
2022-02-03 14:56:00.002  INFO 29900 --- [restartedMain] com.zaxxer.hikari.HikariDataSource       : HikariPool-4 - Start completed.
2022-02-03 14:56:00.003  INFO 29900 --- [restartedMain] org.hibernate.dialect.Dialect            : HHH000400: Using dialect: org.hibernate.dialect.PostgreSQL10Dialect
2022-02-03 14:56:00.269  INFO 29900 --- [restartedMain] o.h.e.t.j.p.i.JtaPlatformInitiator       : HHH000490: Using JtaPlatform implementation: [org.hibernate.engine.transaction.jta.platform.internal.NoJtaPlatform]
2022-02-03 14:56:00.270  INFO 29900 --- [restartedMain] j.LocalContainerEntityManagerFactoryBean : Initialized JPA EntityManagerFactory for persistence unit 'default'
2022-02-03 14:56:00.581  WARN 29900 --- [restartedMain] JpaBaseConfiguration$JpaWebConfiguration : spring.jpa.open-in-view is enabled by default. Therefore, database queries may be performed during view rendering. Explicitly configure spring.jpa.open-in-view to disable this warning
2022-02-03 14:56:00.798  INFO 29900 --- [restartedMain] o.s.b.d.a.OptionalLiveReloadServer       : LiveReload server is running on port 35729
2022-02-03 14:56:00.827  INFO 29900 --- [restartedMain] o.s.b.w.embedded.tomcat.TomcatWebServer  : Tomcat started on port(s): 8800 (http) with context path ''
2022-02-03 14:56:00.836  INFO 29900 --- [restartedMain] c.c.a.CabbookingapplicationApplication   : Started CabbookingapplicationApplication in 1.728 seconds (JVM running for 20735.193)
2022-02-03 14:56:00.838  INFO 29900 --- [restartedMain] .ConditionEvaluationDeltaLoggingListener : Condition evaluation unchanged
2022-02-03 14:56:18.797  INFO 29900 --- [Thread-15] j.LocalContainerEntityManagerFactoryBean : Closing JPA EntityManagerFactory for persistence unit 'default'
2022-02-03 14:56:18.797  INFO 29900 --- [Thread-15] com.zaxxer.hikari.HikariDataSource       : HikariPool-4 - Shutdown initiated...
2022-02-03 14:56:18.801  INFO 29900 --- [Thread-15] com.zaxxer.hikari.HikariDataSource       : HikariPool-4 - Shutdown completed.
2022-02-03 14:56:18.913  INFO 29900 --- [restartedMain] c.c.a.CabbookingapplicationApplication   : Starting CabbookingapplicationApplication using Java 17.0.1 on LAPTOP-A9GL3C0H with PID 29900 (D:\My Car Repo\CabBookingApplication\cabbookingapplication\bin\main started by Rajitha in D:\My Car Repo\CabBookingApplication\cabbookingapplication)
2022-02-03 14:56:18.913 DEBUG 29900 --- [restartedMain] c.c.a.CabbookingapplicationApplication   : Running with Spring Boot v2.6.2, Spring v5.3.14
2022-02-03 14:56:18.913  INFO 29900 --- [restartedMain] c.c.a.CabbookingapplicationApplication   : No active profile set, falling back to default profiles: default
2022-02-03 14:56:19.108  INFO 29900 --- [restartedMain] .s.d.r.c.RepositoryConfigurationDelegate : Bootstrapping Spring Data JPA repositories in DEFAULT mode.
2022-02-03 14:56:19.132  INFO 29900 --- [restartedMain] .s.d.r.c.RepositoryConfigurationDelegate : Finished Spring Data repository scanning in 24 ms. Found 5 JPA repository interfaces.
2022-02-03 14:56:19.234  INFO 29900 --- [restartedMain] o.s.b.w.embedded.tomcat.TomcatWebServer  : Tomcat initialized with port(s): 8800 (http)
2022-02-03 14:56:19.235  INFO 29900 --- [restartedMain] o.apache.catalina.core.StandardService   : Starting service [Tomcat]
2022-02-03 14:56:19.236  INFO 29900 --- [restartedMain] org.apache.catalina.core.StandardEngine  : Starting Servlet engine: [Apache Tomcat/9.0.56]
2022-02-03 14:56:19.267  INFO 29900 --- [restartedMain] o.a.c.c.C.[Tomcat].[localhost].[/]       : Initializing Spring embedded WebApplicationContext
2022-02-03 14:56:19.267  INFO 29900 --- [restartedMain] w.s.c.ServletWebServerApplicationContext : Root WebApplicationContext: initialization completed in 351 ms
2022-02-03 14:56:19.315  INFO 29900 --- [restartedMain] o.hibernate.jpa.internal.util.LogHelper  : HHH000204: Processing PersistenceUnitInfo [name: default]
2022-02-03 14:56:19.319  INFO 29900 --- [restartedMain] com.zaxxer.hikari.HikariDataSource       : HikariPool-5 - Starting...
2022-02-03 14:56:19.386  INFO 29900 --- [restartedMain] com.zaxxer.hikari.HikariDataSource       : HikariPool-5 - Start completed.
2022-02-03 14:56:19.387  INFO 29900 --- [restartedMain] org.hibernate.dialect.Dialect            : HHH000400: Using dialect: org.hibernate.dialect.PostgreSQL10Dialect
2022-02-03 14:56:19.565  INFO 29900 --- [restartedMain] o.h.e.t.j.p.i.JtaPlatformInitiator       : HHH000490: Using JtaPlatform implementation: [org.hibernate.engine.transaction.jta.platform.internal.NoJtaPlatform]
2022-02-03 14:56:19.565  INFO 29900 --- [restartedMain] j.LocalContainerEntityManagerFactoryBean : Initialized JPA EntityManagerFactory for persistence unit 'default'
2022-02-03 14:56:19.840  WARN 29900 --- [restartedMain] JpaBaseConfiguration$JpaWebConfiguration : spring.jpa.open-in-view is enabled by default. Therefore, database queries may be performed during view rendering. Explicitly configure spring.jpa.open-in-view to disable this warning
2022-02-03 14:56:20.019  INFO 29900 --- [restartedMain] o.s.b.d.a.OptionalLiveReloadServer       : LiveReload server is running on port 35729
2022-02-03 14:56:20.034  INFO 29900 --- [restartedMain] o.s.b.w.embedded.tomcat.TomcatWebServer  : Tomcat started on port(s): 8800 (http) with context path ''
2022-02-03 14:56:20.041  INFO 29900 --- [restartedMain] c.c.a.CabbookingapplicationApplication   : Started CabbookingapplicationApplication in 1.163 seconds (JVM running for 20754.398)
2022-02-03 14:56:20.044  INFO 29900 --- [restartedMain] .ConditionEvaluationDeltaLoggingListener : Condition evaluation unchanged
2022-02-03 14:57:40.896  INFO 29900 --- [Thread-19] j.LocalContainerEntityManagerFactoryBean : Closing JPA EntityManagerFactory for persistence unit 'default'
2022-02-03 14:57:40.896  INFO 29900 --- [Thread-19] com.zaxxer.hikari.HikariDataSource       : HikariPool-5 - Shutdown initiated...
2022-02-03 14:57:40.901  INFO 29900 --- [Thread-19] com.zaxxer.hikari.HikariDataSource       : HikariPool-5 - Shutdown completed.
2022-02-03 14:57:40.995  INFO 29900 --- [restartedMain] c.c.a.CabbookingapplicationApplication   : Starting CabbookingapplicationApplication using Java 17.0.1 on LAPTOP-A9GL3C0H with PID 29900 (D:\My Car Repo\CabBookingApplication\cabbookingapplication\bin\main started by Rajitha in D:\My Car Repo\CabBookingApplication\cabbookingapplication)
2022-02-03 14:57:40.995 DEBUG 29900 --- [restartedMain] c.c.a.CabbookingapplicationApplication   : Running with Spring Boot v2.6.2, Spring v5.3.14
2022-02-03 14:57:40.995  INFO 29900 --- [restartedMain] c.c.a.CabbookingapplicationApplication   : No active profile set, falling back to default profiles: default
2022-02-03 14:57:41.305  INFO 29900 --- [restartedMain] .s.d.r.c.RepositoryConfigurationDelegate : Bootstrapping Spring Data JPA repositories in DEFAULT mode.
2022-02-03 14:57:41.372  INFO 29900 --- [restartedMain] .s.d.r.c.RepositoryConfigurationDelegate : Finished Spring Data repository scanning in 64 ms. Found 5 JPA repository interfaces.
2022-02-03 14:57:41.582  INFO 29900 --- [restartedMain] o.s.b.w.embedded.tomcat.TomcatWebServer  : Tomcat initialized with port(s): 8800 (http)
2022-02-03 14:57:41.582  INFO 29900 --- [restartedMain] o.apache.catalina.core.StandardService   : Starting service [Tomcat]
2022-02-03 14:57:41.582  INFO 29900 --- [restartedMain] org.apache.catalina.core.StandardEngine  : Starting Servlet engine: [Apache Tomcat/9.0.56]
2022-02-03 14:57:41.604  INFO 29900 --- [restartedMain] o.a.c.c.C.[Tomcat].[localhost].[/]       : Initializing Spring embedded WebApplicationContext
2022-02-03 14:57:41.604  INFO 29900 --- [restartedMain] w.s.c.ServletWebServerApplicationContext : Root WebApplicationContext: initialization completed in 603 ms
2022-02-03 14:57:41.628  INFO 29900 --- [restartedMain] o.hibernate.jpa.internal.util.LogHelper  : HHH000204: Processing PersistenceUnitInfo [name: default]
2022-02-03 14:57:41.638  INFO 29900 --- [restartedMain] com.zaxxer.hikari.HikariDataSource       : HikariPool-6 - Starting...
2022-02-03 14:57:41.715  INFO 29900 --- [restartedMain] com.zaxxer.hikari.HikariDataSource       : HikariPool-6 - Start completed.
2022-02-03 14:57:41.715  INFO 29900 --- [restartedMain] org.hibernate.dialect.Dialect            : HHH000400: Using dialect: org.hibernate.dialect.PostgreSQL10Dialect
2022-02-03 14:57:41.898  INFO 29900 --- [restartedMain] o.h.e.t.j.p.i.JtaPlatformInitiator       : HHH000490: Using JtaPlatform implementation: [org.hibernate.engine.transaction.jta.platform.internal.NoJtaPlatform]
2022-02-03 14:57:41.899  INFO 29900 --- [restartedMain] j.LocalContainerEntityManagerFactoryBean : Initialized JPA EntityManagerFactory for persistence unit 'default'
2022-02-03 14:57:42.173  WARN 29900 --- [restartedMain] JpaBaseConfiguration$JpaWebConfiguration : spring.jpa.open-in-view is enabled by default. Therefore, database queries may be performed during view rendering. Explicitly configure spring.jpa.open-in-view to disable this warning
2022-02-03 14:57:42.328  INFO 29900 --- [restartedMain] o.s.b.d.a.OptionalLiveReloadServer       : LiveReload server is running on port 35729
2022-02-03 14:57:42.343  INFO 29900 --- [restartedMain] o.s.b.w.embedded.tomcat.TomcatWebServer  : Tomcat started on port(s): 8800 (http) with context path ''
2022-02-03 14:57:42.351  INFO 29900 --- [restartedMain] c.c.a.CabbookingapplicationApplication   : Started CabbookingapplicationApplication in 1.382 seconds (JVM running for 20836.708)
2022-02-03 14:57:42.354  INFO 29900 --- [restartedMain] .ConditionEvaluationDeltaLoggingListener : Condition evaluation unchanged
2022-02-03 15:01:14.741  INFO 29900 --- [http-nio-8800-exec-2] o.a.c.c.C.[Tomcat].[localhost].[/]       : Initializing Spring DispatcherServlet 'dispatcherServlet'
2022-02-03 15:01:14.741  INFO 29900 --- [http-nio-8800-exec-2] o.s.web.servlet.DispatcherServlet        : Initializing Servlet 'dispatcherServlet'
2022-02-03 15:01:14.743  INFO 29900 --- [http-nio-8800-exec-2] o.s.web.servlet.DispatcherServlet        : Completed initialization in 1 ms
2022-02-03 15:01:14.989  WARN 29900 --- [http-nio-8800-exec-2] .m.m.a.ExceptionHandlerExceptionResolver : Resolved [com.cg.app.exception.CustomerNotFoundException: Invalid Username Or Password]
2022-02-03 15:01:52.572  INFO 29900 --- [RMI TCP Connection(355)-127.0.0.1] inMXBeanRegistrar$SpringApplicationAdmin : Application shutdown requested.
2022-02-03 15:01:52.590  INFO 29900 --- [RMI TCP Connection(355)-127.0.0.1] j.LocalContainerEntityManagerFactoryBean : Closing JPA EntityManagerFactory for persistence unit 'default'
2022-02-03 15:01:52.590  INFO 29900 --- [RMI TCP Connection(355)-127.0.0.1] com.zaxxer.hikari.HikariDataSource       : HikariPool-6 - Shutdown initiated...
2022-02-03 15:01:52.596  INFO 29900 --- [RMI TCP Connection(355)-127.0.0.1] com.zaxxer.hikari.HikariDataSource       : HikariPool-6 - Shutdown completed.
2022-02-03 15:02:05.511  INFO 5944 --- [restartedMain] c.c.a.CabbookingapplicationApplication   : Starting CabbookingapplicationApplication using Java 17.0.1 on LAPTOP-A9GL3C0H with PID 5944 (D:\My Car Repo\CabBookingApplication\cabbookingapplication\bin\main started by Rajitha in D:\My Car Repo\CabBookingApplication\cabbookingapplication)
2022-02-03 15:02:05.513 DEBUG 5944 --- [restartedMain] c.c.a.CabbookingapplicationApplication   : Running with Spring Boot v2.6.2, Spring v5.3.14
2022-02-03 15:02:05.513  INFO 5944 --- [restartedMain] c.c.a.CabbookingapplicationApplication   : No active profile set, falling back to default profiles: default
2022-02-03 15:02:05.586  INFO 5944 --- [restartedMain] .e.DevToolsPropertyDefaultsPostProcessor : Devtools property defaults active! Set 'spring.devtools.add-properties' to 'false' to disable
2022-02-03 15:02:05.587  INFO 5944 --- [restartedMain] .e.DevToolsPropertyDefaultsPostProcessor : For additional web related logging consider setting the 'logging.level.web' property to 'DEBUG'
2022-02-03 15:02:06.803  INFO 5944 --- [restartedMain] .s.d.r.c.RepositoryConfigurationDelegate : Bootstrapping Spring Data JPA repositories in DEFAULT mode.
2022-02-03 15:02:06.884  INFO 5944 --- [restartedMain] .s.d.r.c.RepositoryConfigurationDelegate : Finished Spring Data repository scanning in 71 ms. Found 5 JPA repository interfaces.
2022-02-03 15:02:08.183  INFO 5944 --- [restartedMain] o.s.b.w.embedded.tomcat.TomcatWebServer  : Tomcat initialized with port(s): 8800 (http)
2022-02-03 15:02:08.193  INFO 5944 --- [restartedMain] o.apache.catalina.core.StandardService   : Starting service [Tomcat]
2022-02-03 15:02:08.194  INFO 5944 --- [restartedMain] org.apache.catalina.core.StandardEngine  : Starting Servlet engine: [Apache Tomcat/9.0.56]
2022-02-03 15:02:08.337  INFO 5944 --- [restartedMain] o.a.c.c.C.[Tomcat].[localhost].[/]       : Initializing Spring embedded WebApplicationContext
2022-02-03 15:02:08.338  INFO 5944 --- [restartedMain] w.s.c.ServletWebServerApplicationContext : Root WebApplicationContext: initialization completed in 2749 ms
2022-02-03 15:02:08.610  INFO 5944 --- [restartedMain] o.hibernate.jpa.internal.util.LogHelper  : HHH000204: Processing PersistenceUnitInfo [name: default]
2022-02-03 15:02:08.683  INFO 5944 --- [restartedMain] org.hibernate.Version                    : HHH000412: Hibernate ORM core version 5.6.3.Final
2022-02-03 15:02:08.964  INFO 5944 --- [restartedMain] o.hibernate.annotations.common.Version   : HCANN000001: Hibernate Commons Annotations {5.1.2.Final}
2022-02-03 15:02:09.194  INFO 5944 --- [restartedMain] com.zaxxer.hikari.HikariDataSource       : HikariPool-1 - Starting...
2022-02-03 15:02:09.502  INFO 5944 --- [restartedMain] com.zaxxer.hikari.HikariDataSource       : HikariPool-1 - Start completed.
2022-02-03 15:02:09.572  INFO 5944 --- [restartedMain] org.hibernate.dialect.Dialect            : HHH000400: Using dialect: org.hibernate.dialect.PostgreSQL10Dialect
2022-02-03 15:02:10.791  INFO 5944 --- [restartedMain] o.h.e.t.j.p.i.JtaPlatformInitiator       : HHH000490: Using JtaPlatform implementation: [org.hibernate.engine.transaction.jta.platform.internal.NoJtaPlatform]
2022-02-03 15:02:10.798  INFO 5944 --- [restartedMain] j.LocalContainerEntityManagerFactoryBean : Initialized JPA EntityManagerFactory for persistence unit 'default'
2022-02-03 15:02:11.321  WARN 5944 --- [restartedMain] JpaBaseConfiguration$JpaWebConfiguration : spring.jpa.open-in-view is enabled by default. Therefore, database queries may be performed during view rendering. Explicitly configure spring.jpa.open-in-view to disable this warning
2022-02-03 15:02:11.826  INFO 5944 --- [restartedMain] o.s.b.d.a.OptionalLiveReloadServer       : LiveReload server is running on port 35729
2022-02-03 15:02:11.887  INFO 5944 --- [restartedMain] o.s.b.w.embedded.tomcat.TomcatWebServer  : Tomcat started on port(s): 8800 (http) with context path ''
2022-02-03 15:02:11.909  INFO 5944 --- [restartedMain] c.c.a.CabbookingapplicationApplication   : Started CabbookingapplicationApplication in 6.842 seconds (JVM running for 9.018)
2022-02-03 15:05:06.492  INFO 5944 --- [http-nio-8800-exec-1] o.a.c.c.C.[Tomcat].[localhost].[/]       : Initializing Spring DispatcherServlet 'dispatcherServlet'
2022-02-03 15:05:06.492  INFO 5944 --- [http-nio-8800-exec-1] o.s.web.servlet.DispatcherServlet        : Initializing Servlet 'dispatcherServlet'
2022-02-03 15:05:06.493  INFO 5944 --- [http-nio-8800-exec-1] o.s.web.servlet.DispatcherServlet        : Completed initialization in 0 ms
2022-02-03 15:05:06.780  WARN 5944 --- [http-nio-8800-exec-1] .m.m.a.ExceptionHandlerExceptionResolver : Resolved [com.cg.app.exception.CustomerNotFoundException: Invalid Username Or Password]
2022-02-03 15:05:36.215  WARN 5944 --- [http-nio-8800-exec-3] .m.m.a.ExceptionHandlerExceptionResolver : Resolved [org.springframework.dao.IncorrectResultSizeDataAccessException: query did not return a unique result: 2; nested exception is javax.persistence.NonUniqueResultException: query did not return a unique result: 2]
2022-02-03 15:58:03.195  WARN 5944 --- [http-nio-8800-exec-4] .m.m.a.ExceptionHandlerExceptionResolver : Resolved [org.springframework.dao.IncorrectResultSizeDataAccessException: query did not return a unique result: 2; nested exception is javax.persistence.NonUniqueResultException: query did not return a unique result: 2]
